<?xml version="1.0" encoding="UTF-8"?>
<robot generator="Robot 6.0.2 (Python 3.11.1 on win32)" generated="20230207 13:58:39.774" rpa="false" schemaversion="3">
<suite id="s1" name="Suites">
<suite id="s1-s1" name="CookiesAccept" source="C:\Users\Mohamedk\PycharmProjects\AutomationRFPOM\Testcases\CookiesAccept.robot">
<test id="s1-s1-t1" name="Accept Cookies" line="5">
<kw name="Open Browser" library="SeleniumLibrary">
<arg>https://demo.guru99.com</arg>
<arg>firefox</arg>
<doc>Opens a new browser instance to the optional ``url``.</doc>
<msg timestamp="20230207 13:58:40.085" level="INFO">Opening browser 'firefox' to base url 'https://demo.guru99.com'.</msg>
<msg timestamp="20230207 13:58:40.086" level="INFO">Firefox driver log is always forced to to: C:\Users\Mohamedk\PycharmProjects\AutomationRFPOM\Results\pabot_results\2\geckodriver-1.log</msg>
<status status="PASS" starttime="20230207 13:58:40.084" endtime="20230207 13:58:45.475"/>
</kw>
<kw name="Maximize Browser Window" library="SeleniumLibrary">
<doc>Maximizes current browser window.</doc>
<status status="PASS" starttime="20230207 13:58:45.475" endtime="20230207 13:58:45.478"/>
</kw>
<kw name="Sleep" library="BuiltIn">
<arg>3</arg>
<doc>Pauses the test executed for the given time.</doc>
<msg timestamp="20230207 13:58:48.479" level="INFO">Slept 3 seconds</msg>
<status status="PASS" starttime="20230207 13:58:45.478" endtime="20230207 13:58:48.479"/>
</kw>
<kw name="Execute Javascript" library="SeleniumLibrary">
<arg>document.cookie = "cookies_accepted=true; expires=Thu, 31 Dec 2099 23:59:59 UTC; path=/"</arg>
<doc>Executes the given JavaScript code with possible arguments.</doc>
<msg timestamp="20230207 13:58:48.480" level="INFO">Executing JavaScript:
document.cookie = "cookies_accepted=true; expires=Thu, 31 Dec 2099 23:59:59 UTC; path=/"
Without any arguments.</msg>
<status status="PASS" starttime="20230207 13:58:48.479" endtime="20230207 13:58:48.488"/>
</kw>
<kw name="Reload Page" library="SeleniumLibrary">
<doc>Simulates user reloading page.</doc>
<status status="PASS" starttime="20230207 13:58:48.489" endtime="20230207 13:58:50.160"/>
</kw>
<kw name="Close Browser" library="SeleniumLibrary">
<doc>Closes the current browser.</doc>
<status status="PASS" starttime="20230207 13:58:50.161" endtime="20230207 13:58:50.926"/>
</kw>
<status status="PASS" starttime="20230207 13:58:40.083" endtime="20230207 13:58:50.926"/>
</test>
<status status="PASS" starttime="20230207 13:58:39.814" endtime="20230207 13:58:50.927"/>
</suite>
<status status="PASS" starttime="20230207 13:58:39.788" endtime="20230207 13:58:50.929"/>
</suite>
<statistics>
<total>
<stat pass="1" fail="0" skip="0">All Tests</stat>
</total>
<tag>
</tag>
<suite>
<stat pass="1" fail="0" skip="0" id="s1" name="Suites">Suites</stat>
<stat pass="1" fail="0" skip="0" id="s1-s1" name="CookiesAccept">Suites.CookiesAccept</stat>
</suite>
</statistics>
<errors>
</errors>
</robot>
