<?xml version="1.0" encoding="UTF-8"?>
<robot generator="Robot 6.0.2 (Python 3.11.1 on win32)" generated="20230207 13:58:24.897" rpa="false" schemaversion="3">
<suite id="s1" name="Suites">
<suite id="s1-s1" name="LoginTest" source="C:\Users\Mohamedk\PycharmProjects\AutomationRFPOM\Testcases\LoginTest.robot">
<test id="s1-s1-t1" name=" using tutorial and tutorial" line="13">
<kw name="Open site Browser" library="BrowserSetupKeywords" type="SETUP">
<kw name="Open Browser" library="SeleniumLibrary">
<arg>${SiteUrl}</arg>
<arg>${Browser}</arg>
<doc>Opens a new browser instance to the optional ``url``.</doc>
<msg timestamp="20230207 13:58:25.986" level="INFO">Opening browser 'firefox' to base url 'https://demo.guru99.com/test/newtours/'.</msg>
<msg timestamp="20230207 13:58:25.987" level="INFO">Firefox driver log is always forced to to: C:\Users\Mohamedk\PycharmProjects\AutomationRFPOM\Results\pabot_results\0\geckodriver-1.log</msg>
<status status="PASS" starttime="20230207 13:58:25.985" endtime="20230207 13:58:31.144"/>
</kw>
<kw name="Maximize Browser Window" library="SeleniumLibrary">
<doc>Maximizes current browser window.</doc>
<status status="PASS" starttime="20230207 13:58:31.145" endtime="20230207 13:58:31.159"/>
</kw>
<kw name="Sleep" library="BuiltIn">
<arg>3</arg>
<doc>Pauses the test executed for the given time.</doc>
<msg timestamp="20230207 13:58:34.160" level="INFO">Slept 3 seconds</msg>
<status status="PASS" starttime="20230207 13:58:31.159" endtime="20230207 13:58:34.160"/>
</kw>
<kw name="Execute Javascript" library="SeleniumLibrary">
<arg>document.cookie = "cookies_accepted=true; expires=Thu, 31 Dec 2099 23:59:59 UTC; path=/"</arg>
<doc>Executes the given JavaScript code with possible arguments.</doc>
<msg timestamp="20230207 13:58:34.161" level="INFO">Executing JavaScript:
document.cookie = "cookies_accepted=true; expires=Thu, 31 Dec 2099 23:59:59 UTC; path=/"
Without any arguments.</msg>
<status status="PASS" starttime="20230207 13:58:34.160" endtime="20230207 13:58:34.170"/>
</kw>
<status status="PASS" starttime="20230207 13:58:25.984" endtime="20230207 13:58:34.171"/>
</kw>
<kw name="Valed login">
<arg>tutorial</arg>
<arg>tutorial</arg>
<kw name="Enter UserName" library="LoginKeywords">
<arg>${username}</arg>
<kw name="Input Text" library="SeleniumLibrary">
<arg>${txt_loginUserName}</arg>
<arg>${username}</arg>
<doc>Types the given ``text`` into the text field identified by ``locator``.</doc>
<msg timestamp="20230207 13:58:34.172" level="INFO">Typing text 'tutorial' into text field 'name:userName'.</msg>
<status status="PASS" starttime="20230207 13:58:34.172" endtime="20230207 13:58:34.237"/>
</kw>
<status status="PASS" starttime="20230207 13:58:34.171" endtime="20230207 13:58:34.237"/>
</kw>
<kw name="Enter Password" library="LoginKeywords">
<arg>${password}</arg>
<kw name="Input Text" library="SeleniumLibrary">
<arg>${txt_loginPassword}</arg>
<arg>${password}</arg>
<doc>Types the given ``text`` into the text field identified by ``locator``.</doc>
<msg timestamp="20230207 13:58:34.238" level="INFO">Typing text 'tutorial' into text field 'name:password'.</msg>
<status status="PASS" starttime="20230207 13:58:34.238" endtime="20230207 13:58:34.259"/>
</kw>
<status status="PASS" starttime="20230207 13:58:34.237" endtime="20230207 13:58:34.259"/>
</kw>
<kw name="Click SignIn" library="LoginKeywords">
<kw name="Click Button" library="SeleniumLibrary">
<arg>${btn_signIn}</arg>
<doc>Clicks the button identified by ``locator``.</doc>
<msg timestamp="20230207 13:58:34.261" level="INFO">Clicking button 'xpath=//input[@type='submit']'.</msg>
<msg timestamp="20230207 13:58:34.324" level="INFO" html="true">&lt;/td&gt;&lt;/tr&gt;&lt;tr&gt;&lt;td colspan="3"&gt;&lt;a href="selenium-screenshot-1.png"&gt;&lt;img src="selenium-screenshot-1.png" width="800px"&gt;&lt;/a&gt;</msg>
<msg timestamp="20230207 13:58:34.324" level="FAIL">ElementClickInterceptedException: Message: Element &lt;input name="submit" type="submit"&gt; is not clickable at point (580,562) because another element &lt;iframe id="gdpr-consent-notice" class="faktor-iframe-wrapper" src="https://cmp-consent-tool.privacymanager.io/latest/index.html#/notice?theme=defaultTheme&amp;useSystemFonts=false&amp;cmpType=tcf"&gt; obscures it
Stacktrace:
RemoteError@chrome://remote/content/shared/RemoteError.sys.mjs:8:8
WebDriverError@chrome://remote/content/shared/webdriver/Errors.sys.mjs:182:5
ElementClickInterceptedError@chrome://remote/content/shared/webdriver/Errors.sys.mjs:281:5
webdriverClickElement@chrome://remote/content/marionette/interaction.sys.mjs:160:11
interaction.clickElement@chrome://remote/content/marionette/interaction.sys.mjs:119:11
clickElement@chrome://remote/content/marionette/actors/MarionetteCommandsChild.sys.mjs:198:29
receiveMessage@chrome://remote/content/marionette/actors/MarionetteCommandsChild.sys.mjs:86:31
</msg>
<status status="FAIL" starttime="20230207 13:58:34.260" endtime="20230207 13:58:34.329"/>
</kw>
<status status="FAIL" starttime="20230207 13:58:34.260" endtime="20230207 13:58:34.329"/>
</kw>
<kw name="Verify Succesfull Login" library="LoginKeywords">
<status status="NOT RUN" starttime="20230207 13:58:34.330" endtime="20230207 13:58:34.330"/>
</kw>
<status status="FAIL" starttime="20230207 13:58:34.171" endtime="20230207 13:58:34.330"/>
</kw>
<kw name="Close site Browser" library="BrowserSetupKeywords" type="TEARDOWN">
<kw name="Close All Browsers" library="SeleniumLibrary">
<doc>Closes all open browsers and resets the browser cache.</doc>
<status status="PASS" starttime="20230207 13:58:34.330" endtime="20230207 13:58:34.948"/>
</kw>
<status status="PASS" starttime="20230207 13:58:34.330" endtime="20230207 13:58:34.948"/>
</kw>
<status status="FAIL" starttime="20230207 13:58:25.983" endtime="20230207 13:58:34.948">ElementClickInterceptedException: Message: Element &lt;input name="submit" type="submit"&gt; is not clickable at point (580,562) because another element &lt;iframe id="gdpr-consent-notice" class="faktor-iframe-wrapper" src="https://cmp-consent-tool.privacymanager.io/latest/index.html#/notice?theme=defaultTheme&amp;useSystemFonts=false&amp;cmpType=tcf"&gt; obscures it
Stacktrace:
RemoteError@chrome://remote/content/shared/RemoteError.sys.mjs:8:8
WebDriverError@chrome://remote/content/shared/webdriver/Errors.sys.mjs:182:5
ElementClickInterceptedError@chrome://remote/content/shared/webdriver/Errors.sys.mjs:281:5
webdriverClickElement@chrome://remote/content/marionette/interaction.sys.mjs:160:11
interaction.clickElement@chrome://remote/content/marionette/interaction.sys.mjs:119:11
clickElement@chrome://remote/content/marionette/actors/MarionetteCommandsChild.sys.mjs:198:29
receiveMessage@chrome://remote/content/marionette/actors/MarionetteCommandsChild.sys.mjs:86:31
</status>
</test>
<status status="FAIL" starttime="20230207 13:58:24.928" endtime="20230207 13:58:34.950"/>
</suite>
<status status="FAIL" starttime="20230207 13:58:24.908" endtime="20230207 13:58:34.951"/>
</suite>
<statistics>
<total>
<stat pass="0" fail="1" skip="0">All Tests</stat>
</total>
<tag>
</tag>
<suite>
<stat pass="0" fail="1" skip="0" id="s1" name="Suites">Suites</stat>
<stat pass="0" fail="1" skip="0" id="s1-s1" name="LoginTest">Suites.LoginTest</stat>
</suite>
</statistics>
<errors>
</errors>
</robot>
